[2022-10-12 14:28:14 @10745.0]	WARNING	start_check: cannot set 'onClose' event when using dispatch_mode=1/3/7
[2022-10-12 14:32:05 *10756.1]	NOTICE	php_swoole_http_onReceive (ERRNO 1005): session[3] is closed
[2022-10-12 15:42:02 *10758.3]	NOTICE	php_swoole_http_onReceive (ERRNO 1005): session[40] is closed
[2022-10-12 15:43:59 #10745.8]	INFO	Server is shutdown now
[2022-10-12 15:44:02 *10756.1]	WARNING	Worker_reactor_try_to_exit (ERRNO 9012): worker exit timeout, forced termination
[2022-10-12 15:44:02 *10755.0]	WARNING	Worker_reactor_try_to_exit (ERRNO 9012): worker exit timeout, forced termination
[2022-10-12 15:44:02 *10758.3]	WARNING	Worker_reactor_try_to_exit (ERRNO 9012): worker exit timeout, forced termination
[2022-10-12 15:44:02 *10757.2]	WARNING	Worker_reactor_try_to_exit (ERRNO 9012): worker exit timeout, forced termination
[2022-10-12 15:44:02 *10759.4]	WARNING	Worker_reactor_try_to_exit (ERRNO 9012): worker exit timeout, forced termination
[2022-10-12 15:44:02 *10760.5]	WARNING	Worker_reactor_try_to_exit (ERRNO 9012): worker exit timeout, forced termination
[2022-10-12 15:44:02 *10761.6]	WARNING	Worker_reactor_try_to_exit (ERRNO 9012): worker exit timeout, forced termination
[2022-10-12 15:44:02 *10762.7]	WARNING	Worker_reactor_try_to_exit (ERRNO 9012): worker exit timeout, forced termination
[2022-10-12 15:44:03 @17692.0]	WARNING	start_check: cannot set 'onClose' event when using dispatch_mode=1/3/7
[2022-10-12 15:58:35 *17703.1]	NOTICE	php_swoole_http_onReceive (ERRNO 1005): session[106] is closed
[2022-10-12 16:11:50 #17692.8]	INFO	Server is shutdown now
[2022-10-12 16:11:53 *17703.1]	WARNING	Worker_reactor_try_to_exit (ERRNO 9012): worker exit timeout, forced termination
[2022-10-12 16:11:53 *17702.0]	WARNING	Worker_reactor_try_to_exit (ERRNO 9012): worker exit timeout, forced termination
[2022-10-12 16:11:53 *17706.4]	WARNING	Worker_reactor_try_to_exit (ERRNO 9012): worker exit timeout, forced termination
[2022-10-12 16:11:53 *17704.2]	WARNING	Worker_reactor_try_to_exit (ERRNO 9012): worker exit timeout, forced termination
[2022-10-12 16:11:53 *17705.3]	WARNING	Worker_reactor_try_to_exit (ERRNO 9012): worker exit timeout, forced termination
[2022-10-12 16:11:53 *17708.6]	WARNING	Worker_reactor_try_to_exit (ERRNO 9012): worker exit timeout, forced termination
[2022-10-12 16:11:53 *17707.5]	WARNING	Worker_reactor_try_to_exit (ERRNO 9012): worker exit timeout, forced termination
[2022-10-12 16:11:53 *17709.7]	WARNING	Worker_reactor_try_to_exit (ERRNO 9012): worker exit timeout, forced termination
[2022-10-12 16:11:54 @20616.0]	WARNING	start_check: cannot set 'onClose' event when using dispatch_mode=1/3/7
[2022-10-12 16:13:18 *20627.1]	NOTICE	php_swoole_http_onReceive (ERRNO 1005): session[33] is closed
[2022-10-12 16:16:15 *20629.3]	NOTICE	php_swoole_http_onReceive (ERRNO 1005): session[106] is closed
[2022-10-12 16:17:39 #20616.8]	INFO	Server is shutdown now
[2022-10-12 16:17:42 *20626.0]	WARNING	Worker_reactor_try_to_exit (ERRNO 9012): worker exit timeout, forced termination
[2022-10-12 16:17:42 *20627.1]	WARNING	Worker_reactor_try_to_exit (ERRNO 9012): worker exit timeout, forced termination
[2022-10-12 16:17:42 *20629.3]	WARNING	Worker_reactor_try_to_exit (ERRNO 9012): worker exit timeout, forced termination
[2022-10-12 16:17:42 *20628.2]	WARNING	Worker_reactor_try_to_exit (ERRNO 9012): worker exit timeout, forced termination
[2022-10-12 16:17:42 *20630.4]	WARNING	Worker_reactor_try_to_exit (ERRNO 9012): worker exit timeout, forced termination
[2022-10-12 16:17:42 *20632.6]	WARNING	Worker_reactor_try_to_exit (ERRNO 9012): worker exit timeout, forced termination
[2022-10-12 16:17:42 *20631.5]	WARNING	Worker_reactor_try_to_exit (ERRNO 9012): worker exit timeout, forced termination
[2022-10-12 16:17:42 *20633.7]	WARNING	Worker_reactor_try_to_exit (ERRNO 9012): worker exit timeout, forced termination
[2022-10-12 17:04:15 *21121.0]	NOTICE	finish (ERRNO 1004): send 75 bytes failed, because session#79 is closed
[2022-10-12 17:04:15 *21121.0]	NOTICE	finish (ERRNO 1004): send 75 bytes failed, because session#79 is closed
[2022-10-12 17:04:15 *21121.0]	NOTICE	finish (ERRNO 1004): send 75 bytes failed, because session#79 is closed
[2022-10-12 17:04:15 *21121.0]	NOTICE	finish (ERRNO 1004): send 75 bytes failed, because session#79 is closed
[2022-10-12 17:04:15 *21121.0]	NOTICE	finish (ERRNO 1004): send 75 bytes failed, because session#79 is closed
[2022-10-12 17:04:15 *21121.0]	NOTICE	finish (ERRNO 1004): send 75 bytes failed, because session#79 is closed
[2022-10-12 17:04:15 *21121.0]	NOTICE	finish (ERRNO 1004): send 75 bytes failed, because session#79 is closed
[2022-10-13 09:51:07 *21121.0]	NOTICE	finish (ERRNO 1004): send 46 bytes failed, because session#144 is closed
[2022-10-13 14:06:30 *21121.0]	NOTICE	finish (ERRNO 1004): send 46 bytes failed, because session#226 is closed
[2022-10-18 00:08:19 *21121.0]	NOTICE	finish (ERRNO 1004): send 46 bytes failed, because session#580 is closed
[2022-10-20 14:00:19 #21118.1]	INFO	Server is shutdown now
[2022-10-20 14:00:22 *21121.0]	WARNING	Worker_reactor_try_to_exit (ERRNO 9012): worker exit timeout, forced termination
[2022-11-28 15:56:03 *1944.0]	NOTICE	finish (ERRNO 1004): send 46 bytes failed, because session#429 is closed
[2022-11-28 16:10:17 *1944.0]	NOTICE	finish (ERRNO 1004): send 46 bytes failed, because session#467 is closed
[2022-11-29 14:03:19 *1944.0]	NOTICE	finish (ERRNO 1004): send 46 bytes failed, because session#757 is closed
[2022-11-29 17:07:00 *1944.0]	NOTICE	finish (ERRNO 1004): send 46 bytes failed, because session#838 is closed
[2022-11-30 09:29:13 *1944.0]	NOTICE	finish (ERRNO 1004): send 46 bytes failed, because session#971 is closed
[2022-12-05 10:29:38 *1944.0]	NOTICE	finish (ERRNO 1004): send 46 bytes failed, because session#2065 is closed
[2022-12-06 13:24:02 *1944.0]	NOTICE	finish (ERRNO 1004): send 46 bytes failed, because session#2445 is closed
[2022-12-07 09:28:29 *1944.0]	NOTICE	finish (ERRNO 1004): send 46 bytes failed, because session#2550 is closed
