---------------------------------------------------------------

[2022-10-29T00:05:17+08:00] 106.75.28.105 GET stock.ecou.vip/
[运行时间：0.043669s] [吞吐率：22.90req/s] [内存消耗：2,222.33kb] [文件加载：127]
[ info ] [ LANG ] /www/wwwroot/stock.ecou.vip/thinkphp/lang/zh-cn.php
[ info ] [ ROUTE ] array (
)
[ info ] [ HEADER ] array (
  'connection' => 'close',
  'accept-encoding' => 'gzip',
  'accept-language' => '*',
  'accept' => 'text/html,application/xhtml+xml,application/xml;q=0.9,image/avif,image/webp,image/apng,*/*;q=0.8,application/signed-exchange;v=b3;q=0.9',
  'user-agent' => 'Mozilla/5.0 (Macintosh; Intel Mac OS X 8_1_1) AppleWebKit/602.40 (KHTML, like Gecko) Chrome/62.0.1812 Safari/537.36',
  'host' => 'stock.ecou.vip',
  'content-type' => '',
  'content-length' => '',
)
[ info ] [ PARAM ] array (
)
---------------------------------------------------------------

[2022-10-29T00:05:19+08:00] 106.75.28.105 GET stock.ecou.vip/dash/index/index.html/favicon.ico
[运行时间：0.043354s] [吞吐率：23.07req/s] [内存消耗：2,231.59kb] [文件加载：129]
[ info ] [ LANG ] /www/wwwroot/stock.ecou.vip/thinkphp/lang/zh-cn.php
[ info ] [ ROUTE ] array (
)
[ info ] [ HEADER ] array (
  'accept-encoding' => 'gzip',
  'user-agent' => 'Mozilla/5.0 (Windows NT 9_1_1; Win64; x64) AppleWebKit/569.50 (KHTML, like Gecko) Chrome/43.0.2904 Safari/537.36',
  'accept-language' => '*',
  'accept' => 'text/html,application/xhtml+xml,application/xml;q=0.9,image/avif,image/webp,image/apng,*/*;q=0.8,application/signed-exchange;v=b3;q=0.9',
  'host' => 'stock.ecou.vip',
  'content-type' => '',
  'content-length' => '',
)
[ info ] [ PARAM ] array (
)
---------------------------------------------------------------

[2022-10-29T00:05:22+08:00] 106.75.28.105 GET stock.ecou.vip/dash/passport/index.html
[运行时间：0.042991s] [吞吐率：23.26req/s] [内存消耗：2,228.48kb] [文件加载：130]
[ info ] [ LANG ] /www/wwwroot/stock.ecou.vip/thinkphp/lang/zh-cn.php
[ info ] [ ROUTE ] array (
)
[ info ] [ HEADER ] array (
  'accept-encoding' => 'gzip',
  'referer' => 'https://stock.ecou.vip/dash/index/index.html/favicon.ico',
  'accept-language' => '*',
  'accept' => 'text/html,application/xhtml+xml,application/xml;q=0.9,image/avif,image/webp,image/apng,*/*;q=0.8,application/signed-exchange;v=b3;q=0.9',
  'user-agent' => 'Mozilla/5.0 (Windows NT 9_1_1; Win64; x64) AppleWebKit/569.50 (KHTML, like Gecko) Chrome/43.0.2904 Safari/537.36',
  'host' => 'stock.ecou.vip',
  'content-type' => '',
  'content-length' => '',
)
[ info ] [ PARAM ] array (
)
[ info ] [ VIEW ] /www/wwwroot/stock.ecou.vip/application/dash/view/passport/index.html [ array (
  0 => 'controller',
  1 => 'action',
  2 => 'hostip',
) ]
---------------------------------------------------------------

[2022-10-29T00:05:28+08:00] 106.75.28.105 GET stock.ecou.vip/dash/index/index.html/sitemap.xml
[运行时间：0.043850s] [吞吐率：22.81req/s] [内存消耗：2,231.59kb] [文件加载：129]
[ info ] [ LANG ] /www/wwwroot/stock.ecou.vip/thinkphp/lang/zh-cn.php
[ info ] [ ROUTE ] array (
)
[ info ] [ HEADER ] array (
  'accept-encoding' => 'gzip',
  'user-agent' => 'Mozilla/5.0 (X11; Linux x86_64) AppleWebKit/560.42 (KHTML, like Gecko) Chrome/45.0.2241 Safari/537.36',
  'accept-language' => '*',
  'accept' => 'text/html,application/xhtml+xml,application/xml;q=0.9,image/avif,image/webp,image/apng,*/*;q=0.8,application/signed-exchange;v=b3;q=0.9',
  'host' => 'stock.ecou.vip',
  'content-type' => '',
  'content-length' => '',
)
[ info ] [ PARAM ] array (
)
---------------------------------------------------------------

[2022-10-29T00:05:28+08:00] 106.75.28.105 GET stock.ecou.vip/dash/index/index.html/robots.txt
[运行时间：0.043971s] [吞吐率：22.74req/s] [内存消耗：2,231.59kb] [文件加载：129]
[ info ] [ LANG ] /www/wwwroot/stock.ecou.vip/thinkphp/lang/zh-cn.php
[ info ] [ ROUTE ] array (
)
[ info ] [ HEADER ] array (
  'accept-encoding' => 'gzip',
  'accept-language' => '*',
  'accept' => 'text/html,application/xhtml+xml,application/xml;q=0.9,image/avif,image/webp,image/apng,*/*;q=0.8,application/signed-exchange;v=b3;q=0.9',
  'user-agent' => 'Mozilla/5.0 (X11; Linux x86_64) AppleWebKit/559.47 (KHTML, like Gecko) Chrome/40.0.647 Safari/537.36',
  'host' => 'stock.ecou.vip',
  'content-type' => '',
  'content-length' => '',
)
[ info ] [ PARAM ] array (
)
---------------------------------------------------------------

[2022-10-29T00:05:29+08:00] 106.75.28.105 GET stock.ecou.vip/dash/passport/index.html
[运行时间：0.043572s] [吞吐率：22.95req/s] [内存消耗：2,228.48kb] [文件加载：130]
[ info ] [ LANG ] /www/wwwroot/stock.ecou.vip/thinkphp/lang/zh-cn.php
[ info ] [ ROUTE ] array (
)
[ info ] [ HEADER ] array (
  'accept-encoding' => 'gzip',
  'accept-language' => '*',
  'accept' => 'text/html,application/xhtml+xml,application/xml;q=0.9,image/avif,image/webp,image/apng,*/*;q=0.8,application/signed-exchange;v=b3;q=0.9',
  'referer' => 'https://stock.ecou.vip/dash/index/index.html/sitemap.xml',
  'user-agent' => 'Mozilla/5.0 (X11; Linux x86_64) AppleWebKit/560.42 (KHTML, like Gecko) Chrome/45.0.2241 Safari/537.36',
  'host' => 'stock.ecou.vip',
  'content-type' => '',
  'content-length' => '',
)
[ info ] [ PARAM ] array (
)
[ info ] [ VIEW ] /www/wwwroot/stock.ecou.vip/application/dash/view/passport/index.html [ array (
  0 => 'controller',
  1 => 'action',
  2 => 'hostip',
) ]
---------------------------------------------------------------

[2022-10-29T00:05:31+08:00] 106.75.28.105 GET stock.ecou.vip/dash/passport/index.html
[运行时间：0.043812s] [吞吐率：22.82req/s] [内存消耗：2,228.48kb] [文件加载：130]
[ info ] [ LANG ] /www/wwwroot/stock.ecou.vip/thinkphp/lang/zh-cn.php
[ info ] [ ROUTE ] array (
)
[ info ] [ HEADER ] array (
  'accept-encoding' => 'gzip',
  'accept' => 'text/html,application/xhtml+xml,application/xml;q=0.9,image/avif,image/webp,image/apng,*/*;q=0.8,application/signed-exchange;v=b3;q=0.9',
  'user-agent' => 'Mozilla/5.0 (X11; Linux x86_64) AppleWebKit/559.47 (KHTML, like Gecko) Chrome/40.0.647 Safari/537.36',
  'referer' => 'https://stock.ecou.vip/dash/index/index.html/robots.txt',
  'accept-language' => '*',
  'host' => 'stock.ecou.vip',
  'content-type' => '',
  'content-length' => '',
)
[ info ] [ PARAM ] array (
)
[ info ] [ VIEW ] /www/wwwroot/stock.ecou.vip/application/dash/view/passport/index.html [ array (
  0 => 'controller',
  1 => 'action',
  2 => 'hostip',
) ]
---------------------------------------------------------------

[2022-10-29T00:05:35+08:00] 106.75.28.105 GET stock.ecou.vip/dash/index/index.html
[运行时间：0.043391s] [吞吐率：23.05req/s] [内存消耗：2,231.66kb] [文件加载：129]
[ info ] [ LANG ] /www/wwwroot/stock.ecou.vip/thinkphp/lang/zh-cn.php
[ info ] [ ROUTE ] array (
)
[ info ] [ HEADER ] array (
  'connection' => 'close',
  'accept-encoding' => 'gzip',
  'accept-language' => '*',
  'accept' => 'text/html,application/xhtml+xml,application/xml;q=0.9,image/avif,image/webp,image/apng,*/*;q=0.8,application/signed-exchange;v=b3;q=0.9',
  'user-agent' => 'Mozilla/5.0 (Windows NT 8_1_2; Win64; x64) AppleWebKit/537.48 (KHTML, like Gecko) Chrome/56.0.1605 Safari/537.36',
  'host' => 'stock.ecou.vip',
  'content-type' => '',
  'content-length' => '',
)
[ info ] [ PARAM ] array (
)
---------------------------------------------------------------

[2022-10-29T00:05:36+08:00] 106.75.28.105 GET stock.ecou.vip/dash/passport/index.html/favicon.ico
[运行时间：0.043668s] [吞吐率：22.90req/s] [内存消耗：2,224.92kb] [文件加载：129]
[ info ] [ LANG ] /www/wwwroot/stock.ecou.vip/thinkphp/lang/zh-cn.php
[ info ] [ ROUTE ] array (
)
[ info ] [ HEADER ] array (
  'accept-encoding' => 'gzip',
  'user-agent' => 'Mozilla/5.0 (X11; Linux x86_64) AppleWebKit/591.52 (KHTML, like Gecko) Chrome/49.0.2879 Safari/537.36',
  'accept-language' => '*',
  'accept' => 'text/html,application/xhtml+xml,application/xml;q=0.9,image/avif,image/webp,image/apng,*/*;q=0.8,application/signed-exchange;v=b3;q=0.9',
  'host' => 'stock.ecou.vip',
  'content-type' => '',
  'content-length' => '',
)
[ info ] [ PARAM ] array (
)
---------------------------------------------------------------

[2022-10-29T00:05:38+08:00] 106.75.28.105 GET stock.ecou.vip/dash/passport/index.html
[运行时间：0.044318s] [吞吐率：22.56req/s] [内存消耗：2,228.48kb] [文件加载：130]
[ info ] [ LANG ] /www/wwwroot/stock.ecou.vip/thinkphp/lang/zh-cn.php
[ info ] [ ROUTE ] array (
)
[ info ] [ HEADER ] array (
  'accept-encoding' => 'gzip',
  'referer' => 'https://stock.ecou.vip/dash/passport/index.html/favicon.ico',
  'user-agent' => 'Mozilla/5.0 (X11; Linux x86_64) AppleWebKit/591.52 (KHTML, like Gecko) Chrome/49.0.2879 Safari/537.36',
  'accept-language' => '*',
  'accept' => 'text/html,application/xhtml+xml,application/xml;q=0.9,image/avif,image/webp,image/apng,*/*;q=0.8,application/signed-exchange;v=b3;q=0.9',
  'host' => 'stock.ecou.vip',
  'content-type' => '',
  'content-length' => '',
)
[ info ] [ PARAM ] array (
)
[ info ] [ VIEW ] /www/wwwroot/stock.ecou.vip/application/dash/view/passport/index.html [ array (
  0 => 'controller',
  1 => 'action',
  2 => 'hostip',
) ]
---------------------------------------------------------------

[2022-10-29T00:05:42+08:00] 106.75.28.105 GET stock.ecou.vip/dash/passport/index.html
[运行时间：0.044611s] [吞吐率：22.42req/s] [内存消耗：2,228.24kb] [文件加载：130]
[ info ] [ LANG ] /www/wwwroot/stock.ecou.vip/thinkphp/lang/zh-cn.php
[ info ] [ ROUTE ] array (
)
[ info ] [ HEADER ] array (
  'connection' => 'close',
  'accept-encoding' => 'gzip',
  'accept-language' => '*',
  'accept' => 'text/html,application/xhtml+xml,application/xml;q=0.9,image/avif,image/webp,image/apng,*/*;q=0.8,application/signed-exchange;v=b3;q=0.9',
  'user-agent' => 'Mozilla/5.0 (Windows NT 8_2; Win64; x64) AppleWebKit/593.37 (KHTML, like Gecko) Chrome/40.0.647 Safari/537.36',
  'host' => 'stock.ecou.vip',
  'content-type' => '',
  'content-length' => '',
)
[ info ] [ PARAM ] array (
)
[ info ] [ VIEW ] /www/wwwroot/stock.ecou.vip/application/dash/view/passport/index.html [ array (
  0 => 'controller',
  1 => 'action',
  2 => 'hostip',
) ]
---------------------------------------------------------------

[2022-10-29T00:05:43+08:00] 106.75.28.105 GET stock.ecou.vip/dash/passport/index.html/favicon.ico
[运行时间：0.041648s] [吞吐率：24.01req/s] [内存消耗：2,224.92kb] [文件加载：129]
[ info ] [ LANG ] /www/wwwroot/stock.ecou.vip/thinkphp/lang/zh-cn.php
[ info ] [ ROUTE ] array (
)
[ info ] [ HEADER ] array (
  'accept-encoding' => 'gzip',
  'user-agent' => 'Mozilla/5.0 (Macintosh; Intel Mac OS X 9_1_2) AppleWebKit/598.54 (KHTML, like Gecko) Chrome/42.0.1774 Safari/537.36',
  'accept-language' => '*',
  'accept' => 'text/html,application/xhtml+xml,application/xml;q=0.9,image/avif,image/webp,image/apng,*/*;q=0.8,application/signed-exchange;v=b3;q=0.9',
  'host' => 'stock.ecou.vip',
  'content-type' => '',
  'content-length' => '',
)
[ info ] [ PARAM ] array (
)
---------------------------------------------------------------

[2022-10-29T00:05:44+08:00] 106.75.28.105 GET stock.ecou.vip/dash/passport/index.html
[运行时间：0.044204s] [吞吐率：22.62req/s] [内存消耗：2,228.48kb] [文件加载：130]
[ info ] [ LANG ] /www/wwwroot/stock.ecou.vip/thinkphp/lang/zh-cn.php
[ info ] [ ROUTE ] array (
)
[ info ] [ HEADER ] array (
  'accept-encoding' => 'gzip',
  'referer' => 'https://stock.ecou.vip/dash/passport/index.html/favicon.ico',
  'user-agent' => 'Mozilla/5.0 (Macintosh; Intel Mac OS X 9_1_2) AppleWebKit/598.54 (KHTML, like Gecko) Chrome/42.0.1774 Safari/537.36',
  'accept-language' => '*',
  'accept' => 'text/html,application/xhtml+xml,application/xml;q=0.9,image/avif,image/webp,image/apng,*/*;q=0.8,application/signed-exchange;v=b3;q=0.9',
  'host' => 'stock.ecou.vip',
  'content-type' => '',
  'content-length' => '',
)
[ info ] [ PARAM ] array (
)
[ info ] [ VIEW ] /www/wwwroot/stock.ecou.vip/application/dash/view/passport/index.html [ array (
  0 => 'controller',
  1 => 'action',
  2 => 'hostip',
) ]
---------------------------------------------------------------

[2022-10-29T00:05:47+08:00] 106.75.28.105 GET stock.ecou.vip/dash/passport/index.html/robots.txt
[运行时间：0.043985s] [吞吐率：22.74req/s] [内存消耗：2,224.92kb] [文件加载：129]
[ info ] [ LANG ] /www/wwwroot/stock.ecou.vip/thinkphp/lang/zh-cn.php
[ info ] [ ROUTE ] array (
)
[ info ] [ HEADER ] array (
  'accept-encoding' => 'gzip',
  'user-agent' => 'Mozilla/5.0 (X11; Linux x86_64) AppleWebKit/538.52 (KHTML, like Gecko) Chrome/51.0.1143 Safari/537.36',
  'accept-language' => '*',
  'accept' => 'text/html,application/xhtml+xml,application/xml;q=0.9,image/avif,image/webp,image/apng,*/*;q=0.8,application/signed-exchange;v=b3;q=0.9',
  'host' => 'stock.ecou.vip',
  'content-type' => '',
  'content-length' => '',
)
[ info ] [ PARAM ] array (
)
---------------------------------------------------------------

[2022-10-29T00:05:47+08:00] 106.75.28.105 GET stock.ecou.vip/dash/passport/index.html/sitemap.xml
[运行时间：0.043090s] [吞吐率：23.21req/s] [内存消耗：2,224.92kb] [文件加载：129]
[ info ] [ LANG ] /www/wwwroot/stock.ecou.vip/thinkphp/lang/zh-cn.php
[ info ] [ ROUTE ] array (
)
[ info ] [ HEADER ] array (
  'accept-encoding' => 'gzip',
  'accept-language' => '*',
  'accept' => 'text/html,application/xhtml+xml,application/xml;q=0.9,image/avif,image/webp,image/apng,*/*;q=0.8,application/signed-exchange;v=b3;q=0.9',
  'user-agent' => 'Mozilla/5.0 (Macintosh; Intel Mac OS X 8_1_2) AppleWebKit/543.38 (KHTML, like Gecko) Chrome/63.0.2629 Safari/537.36',
  'host' => 'stock.ecou.vip',
  'content-type' => '',
  'content-length' => '',
)
[ info ] [ PARAM ] array (
)
---------------------------------------------------------------

[2022-10-29T00:05:48+08:00] 106.75.28.105 GET stock.ecou.vip/dash/passport/index.html
[运行时间：0.043892s] [吞吐率：22.78req/s] [内存消耗：2,228.48kb] [文件加载：130]
[ info ] [ LANG ] /www/wwwroot/stock.ecou.vip/thinkphp/lang/zh-cn.php
[ info ] [ ROUTE ] array (
)
[ info ] [ HEADER ] array (
  'accept-encoding' => 'gzip',
  'accept-language' => '*',
  'referer' => 'https://stock.ecou.vip/dash/passport/index.html/robots.txt',
  'accept' => 'text/html,application/xhtml+xml,application/xml;q=0.9,image/avif,image/webp,image/apng,*/*;q=0.8,application/signed-exchange;v=b3;q=0.9',
  'user-agent' => 'Mozilla/5.0 (X11; Linux x86_64) AppleWebKit/538.52 (KHTML, like Gecko) Chrome/51.0.1143 Safari/537.36',
  'host' => 'stock.ecou.vip',
  'content-type' => '',
  'content-length' => '',
)
[ info ] [ PARAM ] array (
)
[ info ] [ VIEW ] /www/wwwroot/stock.ecou.vip/application/dash/view/passport/index.html [ array (
  0 => 'controller',
  1 => 'action',
  2 => 'hostip',
) ]
---------------------------------------------------------------

[2022-10-29T00:05:48+08:00] 106.75.28.105 GET stock.ecou.vip/dash/passport/index.html
[运行时间：0.044097s] [吞吐率：22.68req/s] [内存消耗：2,228.48kb] [文件加载：130]
[ info ] [ LANG ] /www/wwwroot/stock.ecou.vip/thinkphp/lang/zh-cn.php
[ info ] [ ROUTE ] array (
)
[ info ] [ HEADER ] array (
  'accept-encoding' => 'gzip',
  'referer' => 'https://stock.ecou.vip/dash/passport/index.html/sitemap.xml',
  'user-agent' => 'Mozilla/5.0 (Macintosh; Intel Mac OS X 8_1_2) AppleWebKit/543.38 (KHTML, like Gecko) Chrome/63.0.2629 Safari/537.36',
  'accept-language' => '*',
  'accept' => 'text/html,application/xhtml+xml,application/xml;q=0.9,image/avif,image/webp,image/apng,*/*;q=0.8,application/signed-exchange;v=b3;q=0.9',
  'host' => 'stock.ecou.vip',
  'content-type' => '',
  'content-length' => '',
)
[ info ] [ PARAM ] array (
)
[ info ] [ VIEW ] /www/wwwroot/stock.ecou.vip/application/dash/view/passport/index.html [ array (
  0 => 'controller',
  1 => 'action',
  2 => 'hostip',
) ]
---------------------------------------------------------------

[2022-10-29T00:06:30+08:00] 106.75.32.201 GET stock.ecou.vip/sitemap.xml
[运行时间：0.037426s] [吞吐率：26.72req/s] [内存消耗：1,759.41kb] [文件加载：115]
[ info ] [ LANG ] /www/wwwroot/stock.ecou.vip/thinkphp/lang/zh-cn.php
---------------------------------------------------------------

[2022-10-29T00:06:35+08:00] 106.75.32.201 GET stock.ecou.vip/
[运行时间：0.043699s] [吞吐率：22.88req/s] [内存消耗：2,222.34kb] [文件加载：127]
[ info ] [ LANG ] /www/wwwroot/stock.ecou.vip/thinkphp/lang/zh-cn.php
[ info ] [ ROUTE ] array (
)
[ info ] [ HEADER ] array (
  'connection' => 'close',
  'accept-encoding' => 'gzip',
  'accept-language' => '*',
  'accept' => 'text/html,application/xhtml+xml,application/xml;q=0.9,image/avif,image/webp,image/apng,*/*;q=0.8,application/signed-exchange;v=b3;q=0.9',
  'user-agent' => 'Mozilla/5.0 (Macintosh; Intel Mac OS X 9_1_1) AppleWebKit/550.45 (KHTML, like Gecko) Chrome/51.0.231 Safari/537.36',
  'host' => 'stock.ecou.vip',
  'content-type' => '',
  'content-length' => '',
)
[ info ] [ PARAM ] array (
)
---------------------------------------------------------------

[2022-10-29T00:06:37+08:00] 106.75.32.201 GET stock.ecou.vip/dash/index/index.html/favicon.ico
[运行时间：0.044469s] [吞吐率：22.49req/s] [内存消耗：2,231.59kb] [文件加载：129]
[ info ] [ LANG ] /www/wwwroot/stock.ecou.vip/thinkphp/lang/zh-cn.php
[ info ] [ ROUTE ] array (
)
[ info ] [ HEADER ] array (
  'accept-encoding' => 'gzip',
  'user-agent' => 'Mozilla/5.0 (X11; Linux x86_64) AppleWebKit/584.45 (KHTML, like Gecko) Chrome/58.0.2517 Safari/537.36',
  'accept-language' => '*',
  'accept' => 'text/html,application/xhtml+xml,application/xml;q=0.9,image/avif,image/webp,image/apng,*/*;q=0.8,application/signed-exchange;v=b3;q=0.9',
  'host' => 'stock.ecou.vip',
  'content-type' => '',
  'content-length' => '',
)
[ info ] [ PARAM ] array (
)
---------------------------------------------------------------

[2022-10-29T00:06:38+08:00] 106.75.32.201 GET stock.ecou.vip/dash/passport/index.html
[运行时间：0.048542s] [吞吐率：20.60req/s] [内存消耗：2,228.48kb] [文件加载：130]
[ info ] [ LANG ] /www/wwwroot/stock.ecou.vip/thinkphp/lang/zh-cn.php
[ info ] [ ROUTE ] array (
)
[ info ] [ HEADER ] array (
  'accept-encoding' => 'gzip',
  'user-agent' => 'Mozilla/5.0 (X11; Linux x86_64) AppleWebKit/584.45 (KHTML, like Gecko) Chrome/58.0.2517 Safari/537.36',
  'accept-language' => '*',
  'referer' => 'https://stock.ecou.vip/dash/index/index.html/favicon.ico',
  'accept' => 'text/html,application/xhtml+xml,application/xml;q=0.9,image/avif,image/webp,image/apng,*/*;q=0.8,application/signed-exchange;v=b3;q=0.9',
  'host' => 'stock.ecou.vip',
  'content-type' => '',
  'content-length' => '',
)
[ info ] [ PARAM ] array (
)
[ info ] [ VIEW ] /www/wwwroot/stock.ecou.vip/application/dash/view/passport/index.html [ array (
  0 => 'controller',
  1 => 'action',
  2 => 'hostip',
) ]
---------------------------------------------------------------

[2022-10-29T00:06:40+08:00] 106.75.32.201 GET stock.ecou.vip/dash/index/index.html/robots.txt
[运行时间：0.044408s] [吞吐率：22.52req/s] [内存消耗：2,231.59kb] [文件加载：129]
[ info ] [ LANG ] /www/wwwroot/stock.ecou.vip/thinkphp/lang/zh-cn.php
[ info ] [ ROUTE ] array (
)
[ info ] [ HEADER ] array (
  'accept-encoding' => 'gzip',
  'user-agent' => 'Mozilla/5.0 (X11; Linux x86_64) AppleWebKit/593.40 (KHTML, like Gecko) Chrome/48.0.834 Safari/537.36',
  'accept-language' => '*',
  'accept' => 'text/html,application/xhtml+xml,application/xml;q=0.9,image/avif,image/webp,image/apng,*/*;q=0.8,application/signed-exchange;v=b3;q=0.9',
  'host' => 'stock.ecou.vip',
  'content-type' => '',
  'content-length' => '',
)
[ info ] [ PARAM ] array (
)
---------------------------------------------------------------

[2022-10-29T00:06:40+08:00] 106.75.32.201 GET stock.ecou.vip/dash/index/index.html/sitemap.xml
[运行时间：0.043637s] [吞吐率：22.92req/s] [内存消耗：2,231.59kb] [文件加载：129]
[ info ] [ LANG ] /www/wwwroot/stock.ecou.vip/thinkphp/lang/zh-cn.php
[ info ] [ ROUTE ] array (
)
[ info ] [ HEADER ] array (
  'accept-encoding' => 'gzip',
  'user-agent' => 'Mozilla/5.0 (Macintosh; Intel Mac OS X 8_2_1) AppleWebKit/543.38 (KHTML, like Gecko) Chrome/40.0.1312 Safari/537.36',
  'accept-language' => '*',
  'accept' => 'text/html,application/xhtml+xml,application/xml;q=0.9,image/avif,image/webp,image/apng,*/*;q=0.8,application/signed-exchange;v=b3;q=0.9',
  'host' => 'stock.ecou.vip',
  'content-type' => '',
  'content-length' => '',
)
[ info ] [ PARAM ] array (
)
---------------------------------------------------------------

[2022-10-29T00:06:40+08:00] 106.75.32.201 GET stock.ecou.vip/dash/passport/index.html
[运行时间：0.045252s] [吞吐率：22.10req/s] [内存消耗：2,228.48kb] [文件加载：130]
[ info ] [ LANG ] /www/wwwroot/stock.ecou.vip/thinkphp/lang/zh-cn.php
[ info ] [ ROUTE ] array (
)
[ info ] [ HEADER ] array (
  'accept-encoding' => 'gzip',
  'referer' => 'https://stock.ecou.vip/dash/index/index.html/robots.txt',
  'accept' => 'text/html,application/xhtml+xml,application/xml;q=0.9,image/avif,image/webp,image/apng,*/*;q=0.8,application/signed-exchange;v=b3;q=0.9',
  'user-agent' => 'Mozilla/5.0 (X11; Linux x86_64) AppleWebKit/593.40 (KHTML, like Gecko) Chrome/48.0.834 Safari/537.36',
  'accept-language' => '*',
  'host' => 'stock.ecou.vip',
  'content-type' => '',
  'content-length' => '',
)
[ info ] [ PARAM ] array (
)
[ info ] [ VIEW ] /www/wwwroot/stock.ecou.vip/application/dash/view/passport/index.html [ array (
  0 => 'controller',
  1 => 'action',
  2 => 'hostip',
) ]
---------------------------------------------------------------

[2022-10-29T00:06:40+08:00] 106.75.32.201 GET stock.ecou.vip/dash/passport/index.html
[运行时间：0.043228s] [吞吐率：23.13req/s] [内存消耗：2,228.48kb] [文件加载：130]
[ info ] [ LANG ] /www/wwwroot/stock.ecou.vip/thinkphp/lang/zh-cn.php
[ info ] [ ROUTE ] array (
)
[ info ] [ HEADER ] array (
  'accept-encoding' => 'gzip',
  'accept' => 'text/html,application/xhtml+xml,application/xml;q=0.9,image/avif,image/webp,image/apng,*/*;q=0.8,application/signed-exchange;v=b3;q=0.9',
  'user-agent' => 'Mozilla/5.0 (Macintosh; Intel Mac OS X 8_2_1) AppleWebKit/543.38 (KHTML, like Gecko) Chrome/40.0.1312 Safari/537.36',
  'referer' => 'https://stock.ecou.vip/dash/index/index.html/sitemap.xml',
  'accept-language' => '*',
  'host' => 'stock.ecou.vip',
  'content-type' => '',
  'content-length' => '',
)
[ info ] [ PARAM ] array (
)
[ info ] [ VIEW ] /www/wwwroot/stock.ecou.vip/application/dash/view/passport/index.html [ array (
  0 => 'controller',
  1 => 'action',
  2 => 'hostip',
) ]
---------------------------------------------------------------

[2022-10-29T00:06:42+08:00] 106.75.32.201 GET stock.ecou.vip/dash/index/index.html
[运行时间：0.044124s] [吞吐率：22.66req/s] [内存消耗：2,231.66kb] [文件加载：129]
[ info ] [ LANG ] /www/wwwroot/stock.ecou.vip/thinkphp/lang/zh-cn.php
[ info ] [ ROUTE ] array (
)
[ info ] [ HEADER ] array (
  'connection' => 'close',
  'accept-encoding' => 'gzip',
  'accept-language' => '*',
  'accept' => 'text/html,application/xhtml+xml,application/xml;q=0.9,image/avif,image/webp,image/apng,*/*;q=0.8,application/signed-exchange;v=b3;q=0.9',
  'user-agent' => 'Mozilla/5.0 (Windows NT 8_0; Win64; x64) AppleWebKit/577.39 (KHTML, like Gecko) Chrome/39.0.1634 Safari/537.36',
  'host' => 'stock.ecou.vip',
  'content-type' => '',
  'content-length' => '',
)
[ info ] [ PARAM ] array (
)
---------------------------------------------------------------

[2022-10-29T00:06:43+08:00] 106.75.32.201 GET stock.ecou.vip/dash/passport/index.html/favicon.ico
[运行时间：0.043537s] [吞吐率：22.97req/s] [内存消耗：2,224.92kb] [文件加载：129]
[ info ] [ LANG ] /www/wwwroot/stock.ecou.vip/thinkphp/lang/zh-cn.php
[ info ] [ ROUTE ] array (
)
[ info ] [ HEADER ] array (
  'accept-encoding' => 'gzip',
  'accept' => 'text/html,application/xhtml+xml,application/xml;q=0.9,image/avif,image/webp,image/apng,*/*;q=0.8,application/signed-exchange;v=b3;q=0.9',
  'user-agent' => 'Mozilla/5.0 (Macintosh; Intel Mac OS X 8_2_1) AppleWebKit/545.46 (KHTML, like Gecko) Chrome/56.0.136 Safari/537.36',
  'accept-language' => '*',
  'host' => 'stock.ecou.vip',
  'content-type' => '',
  'content-length' => '',
)
[ info ] [ PARAM ] array (
)
---------------------------------------------------------------

[2022-10-29T00:06:45+08:00] 106.75.32.201 GET stock.ecou.vip/dash/passport/index.html
[运行时间：0.041933s] [吞吐率：23.85req/s] [内存消耗：2,228.48kb] [文件加载：130]
[ info ] [ LANG ] /www/wwwroot/stock.ecou.vip/thinkphp/lang/zh-cn.php
[ info ] [ ROUTE ] array (
)
[ info ] [ HEADER ] array (
  'accept-encoding' => 'gzip',
  'referer' => 'https://stock.ecou.vip/dash/passport/index.html/favicon.ico',
  'accept' => 'text/html,application/xhtml+xml,application/xml;q=0.9,image/avif,image/webp,image/apng,*/*;q=0.8,application/signed-exchange;v=b3;q=0.9',
  'user-agent' => 'Mozilla/5.0 (Macintosh; Intel Mac OS X 8_2_1) AppleWebKit/545.46 (KHTML, like Gecko) Chrome/56.0.136 Safari/537.36',
  'accept-language' => '*',
  'host' => 'stock.ecou.vip',
  'content-type' => '',
  'content-length' => '',
)
[ info ] [ PARAM ] array (
)
[ info ] [ VIEW ] /www/wwwroot/stock.ecou.vip/application/dash/view/passport/index.html [ array (
  0 => 'controller',
  1 => 'action',
  2 => 'hostip',
) ]
---------------------------------------------------------------

[2022-10-29T00:06:46+08:00] 106.75.32.201 GET stock.ecou.vip/dash/passport/index.html/robots.txt
[运行时间：0.041056s] [吞吐率：24.36req/s] [内存消耗：2,224.92kb] [文件加载：129]
[ info ] [ LANG ] /www/wwwroot/stock.ecou.vip/thinkphp/lang/zh-cn.php
[ info ] [ ROUTE ] array (
)
[ info ] [ HEADER ] array (
  'accept-encoding' => 'gzip',
  'user-agent' => 'Mozilla/5.0 (Macintosh; Intel Mac OS X 9_1_2) AppleWebKit/585.37 (KHTML, like Gecko) Chrome/57.0.1725 Safari/537.36',
  'accept-language' => '*',
  'accept' => 'text/html,application/xhtml+xml,application/xml;q=0.9,image/avif,image/webp,image/apng,*/*;q=0.8,application/signed-exchange;v=b3;q=0.9',
  'host' => 'stock.ecou.vip',
  'content-type' => '',
  'content-length' => '',
)
[ info ] [ PARAM ] array (
)
---------------------------------------------------------------

[2022-10-29T00:06:46+08:00] 106.75.32.201 GET stock.ecou.vip/dash/passport/index.html/sitemap.xml
[运行时间：0.040752s] [吞吐率：24.54req/s] [内存消耗：2,224.92kb] [文件加载：129]
[ info ] [ LANG ] /www/wwwroot/stock.ecou.vip/thinkphp/lang/zh-cn.php
[ info ] [ ROUTE ] array (
)
[ info ] [ HEADER ] array (
  'accept-encoding' => 'gzip',
  'user-agent' => 'Mozilla/5.0 (Macintosh; Intel Mac OS X 9_1) AppleWebKit/583.36 (KHTML, like Gecko) Chrome/47.0.2225 Safari/537.36',
  'accept' => 'text/html,application/xhtml+xml,application/xml;q=0.9,image/avif,image/webp,image/apng,*/*;q=0.8,application/signed-exchange;v=b3;q=0.9',
  'accept-language' => '*',
  'host' => 'stock.ecou.vip',
  'content-type' => '',
  'content-length' => '',
)
[ info ] [ PARAM ] array (
)
---------------------------------------------------------------

[2022-10-29T00:06:46+08:00] 106.75.32.201 GET stock.ecou.vip/dash/passport/index.html
[运行时间：0.040902s] [吞吐率：24.45req/s] [内存消耗：2,228.48kb] [文件加载：130]
[ info ] [ LANG ] /www/wwwroot/stock.ecou.vip/thinkphp/lang/zh-cn.php
[ info ] [ ROUTE ] array (
)
[ info ] [ HEADER ] array (
  'accept-encoding' => 'gzip',
  'accept-language' => '*',
  'accept' => 'text/html,application/xhtml+xml,application/xml;q=0.9,image/avif,image/webp,image/apng,*/*;q=0.8,application/signed-exchange;v=b3;q=0.9',
  'user-agent' => 'Mozilla/5.0 (Macintosh; Intel Mac OS X 9_1_2) AppleWebKit/585.37 (KHTML, like Gecko) Chrome/57.0.1725 Safari/537.36',
  'referer' => 'https://stock.ecou.vip/dash/passport/index.html/robots.txt',
  'host' => 'stock.ecou.vip',
  'content-type' => '',
  'content-length' => '',
)
[ info ] [ PARAM ] array (
)
[ info ] [ VIEW ] /www/wwwroot/stock.ecou.vip/application/dash/view/passport/index.html [ array (
  0 => 'controller',
  1 => 'action',
  2 => 'hostip',
) ]
---------------------------------------------------------------

[2022-10-29T00:06:46+08:00] 106.75.32.201 GET stock.ecou.vip/dash/passport/index.html
[运行时间：0.036350s] [吞吐率：27.51req/s] [内存消耗：2,228.48kb] [文件加载：130]
[ info ] [ LANG ] /www/wwwroot/stock.ecou.vip/thinkphp/lang/zh-cn.php
[ info ] [ ROUTE ] array (
)
[ info ] [ HEADER ] array (
  'accept-encoding' => 'gzip',
  'referer' => 'https://stock.ecou.vip/dash/passport/index.html/sitemap.xml',
  'accept' => 'text/html,application/xhtml+xml,application/xml;q=0.9,image/avif,image/webp,image/apng,*/*;q=0.8,application/signed-exchange;v=b3;q=0.9',
  'accept-language' => '*',
  'user-agent' => 'Mozilla/5.0 (Macintosh; Intel Mac OS X 9_1) AppleWebKit/583.36 (KHTML, like Gecko) Chrome/47.0.2225 Safari/537.36',
  'host' => 'stock.ecou.vip',
  'content-type' => '',
  'content-length' => '',
)
[ info ] [ PARAM ] array (
)
[ info ] [ VIEW ] /www/wwwroot/stock.ecou.vip/application/dash/view/passport/index.html [ array (
  0 => 'controller',
  1 => 'action',
  2 => 'hostip',
) ]
---------------------------------------------------------------

[2022-10-29T00:06:51+08:00] 106.75.32.201 GET stock.ecou.vip/dash/passport/index.html
[运行时间：0.044542s] [吞吐率：22.45req/s] [内存消耗：2,228.24kb] [文件加载：130]
[ info ] [ LANG ] /www/wwwroot/stock.ecou.vip/thinkphp/lang/zh-cn.php
[ info ] [ ROUTE ] array (
)
[ info ] [ HEADER ] array (
  'connection' => 'close',
  'accept-encoding' => 'gzip',
  'accept-language' => '*',
  'accept' => 'text/html,application/xhtml+xml,application/xml;q=0.9,image/avif,image/webp,image/apng,*/*;q=0.8,application/signed-exchange;v=b3;q=0.9',
  'user-agent' => 'Mozilla/5.0 (X11; Linux x86_64) AppleWebKit/547.40 (KHTML, like Gecko) Chrome/58.0.277 Safari/537.36',
  'host' => 'stock.ecou.vip',
  'content-type' => '',
  'content-length' => '',
)
[ info ] [ PARAM ] array (
)
[ info ] [ VIEW ] /www/wwwroot/stock.ecou.vip/application/dash/view/passport/index.html [ array (
  0 => 'controller',
  1 => 'action',
  2 => 'hostip',
) ]
---------------------------------------------------------------

[2022-10-29T00:06:51+08:00] 106.75.32.201 GET stock.ecou.vip/dash/passport/index.html/favicon.ico
[运行时间：0.040395s] [吞吐率：24.76req/s] [内存消耗：2,224.92kb] [文件加载：129]
[ info ] [ LANG ] /www/wwwroot/stock.ecou.vip/thinkphp/lang/zh-cn.php
[ info ] [ ROUTE ] array (
)
[ info ] [ HEADER ] array (
  'accept-encoding' => 'gzip',
  'user-agent' => 'Mozilla/5.0 (Windows NT 9_2; Win64; x64) AppleWebKit/552.41 (KHTML, like Gecko) Chrome/51.0.1759 Safari/537.36',
  'accept-language' => '*',
  'accept' => 'text/html,application/xhtml+xml,application/xml;q=0.9,image/avif,image/webp,image/apng,*/*;q=0.8,application/signed-exchange;v=b3;q=0.9',
  'host' => 'stock.ecou.vip',
  'content-type' => '',
  'content-length' => '',
)
[ info ] [ PARAM ] array (
)
---------------------------------------------------------------

[2022-10-29T00:06:52+08:00] 106.75.32.201 GET stock.ecou.vip/dash/passport/index.html
[运行时间：0.042894s] [吞吐率：23.31req/s] [内存消耗：2,228.48kb] [文件加载：130]
[ info ] [ LANG ] /www/wwwroot/stock.ecou.vip/thinkphp/lang/zh-cn.php
[ info ] [ ROUTE ] array (
)
[ info ] [ HEADER ] array (
  'accept-encoding' => 'gzip',
  'referer' => 'https://stock.ecou.vip/dash/passport/index.html/favicon.ico',
  'accept-language' => '*',
  'accept' => 'text/html,application/xhtml+xml,application/xml;q=0.9,image/avif,image/webp,image/apng,*/*;q=0.8,application/signed-exchange;v=b3;q=0.9',
  'user-agent' => 'Mozilla/5.0 (Windows NT 9_2; Win64; x64) AppleWebKit/552.41 (KHTML, like Gecko) Chrome/51.0.1759 Safari/537.36',
  'host' => 'stock.ecou.vip',
  'content-type' => '',
  'content-length' => '',
)
[ info ] [ PARAM ] array (
)
[ info ] [ VIEW ] /www/wwwroot/stock.ecou.vip/application/dash/view/passport/index.html [ array (
  0 => 'controller',
  1 => 'action',
  2 => 'hostip',
) ]
---------------------------------------------------------------

[2022-10-29T00:06:56+08:00] 106.75.32.201 GET stock.ecou.vip/dash/passport/index.html/robots.txt
[运行时间：0.032224s] [吞吐率：31.03req/s] [内存消耗：2,224.92kb] [文件加载：129]
[ info ] [ LANG ] /www/wwwroot/stock.ecou.vip/thinkphp/lang/zh-cn.php
[ info ] [ ROUTE ] array (
)
[ info ] [ HEADER ] array (
  'accept-encoding' => 'gzip',
  'user-agent' => 'Mozilla/5.0 (Macintosh; Intel Mac OS X 8_0_1) AppleWebKit/579.38 (KHTML, like Gecko) Chrome/54.0.270 Safari/537.36',
  'accept-language' => '*',
  'accept' => 'text/html,application/xhtml+xml,application/xml;q=0.9,image/avif,image/webp,image/apng,*/*;q=0.8,application/signed-exchange;v=b3;q=0.9',
  'host' => 'stock.ecou.vip',
  'content-type' => '',
  'content-length' => '',
)
[ info ] [ PARAM ] array (
)
---------------------------------------------------------------

[2022-10-29T00:06:56+08:00] 106.75.32.201 GET stock.ecou.vip/dash/passport/index.html/sitemap.xml
[运行时间：0.031279s] [吞吐率：31.97req/s] [内存消耗：2,224.92kb] [文件加载：129]
[ info ] [ LANG ] /www/wwwroot/stock.ecou.vip/thinkphp/lang/zh-cn.php
[ info ] [ ROUTE ] array (
)
[ info ] [ HEADER ] array (
  'accept-encoding' => 'gzip',
  'user-agent' => 'Mozilla/5.0 (Macintosh; Intel Mac OS X 9_2_2) AppleWebKit/539.41 (KHTML, like Gecko) Chrome/50.0.1807 Safari/537.36',
  'accept' => 'text/html,application/xhtml+xml,application/xml;q=0.9,image/avif,image/webp,image/apng,*/*;q=0.8,application/signed-exchange;v=b3;q=0.9',
  'accept-language' => '*',
  'host' => 'stock.ecou.vip',
  'content-type' => '',
  'content-length' => '',
)
[ info ] [ PARAM ] array (
)
---------------------------------------------------------------

[2022-10-29T00:06:58+08:00] 106.75.32.201 GET stock.ecou.vip/dash/passport/index.html
[运行时间：0.043533s] [吞吐率：22.97req/s] [内存消耗：2,228.48kb] [文件加载：130]
[ info ] [ LANG ] /www/wwwroot/stock.ecou.vip/thinkphp/lang/zh-cn.php
[ info ] [ ROUTE ] array (
)
[ info ] [ HEADER ] array (
  'accept-encoding' => 'gzip',
  'referer' => 'https://stock.ecou.vip/dash/passport/index.html/robots.txt',
  'user-agent' => 'Mozilla/5.0 (Macintosh; Intel Mac OS X 8_0_1) AppleWebKit/579.38 (KHTML, like Gecko) Chrome/54.0.270 Safari/537.36',
  'accept-language' => '*',
  'accept' => 'text/html,application/xhtml+xml,application/xml;q=0.9,image/avif,image/webp,image/apng,*/*;q=0.8,application/signed-exchange;v=b3;q=0.9',
  'host' => 'stock.ecou.vip',
  'content-type' => '',
  'content-length' => '',
)
[ info ] [ PARAM ] array (
)
[ info ] [ VIEW ] /www/wwwroot/stock.ecou.vip/application/dash/view/passport/index.html [ array (
  0 => 'controller',
  1 => 'action',
  2 => 'hostip',
) ]
---------------------------------------------------------------

[2022-10-29T00:06:59+08:00] 106.75.32.201 GET stock.ecou.vip/dash/passport/index.html
[运行时间：0.044833s] [吞吐率：22.31req/s] [内存消耗：2,228.48kb] [文件加载：130]
[ info ] [ LANG ] /www/wwwroot/stock.ecou.vip/thinkphp/lang/zh-cn.php
[ info ] [ ROUTE ] array (
)
[ info ] [ HEADER ] array (
  'accept-encoding' => 'gzip',
  'accept' => 'text/html,application/xhtml+xml,application/xml;q=0.9,image/avif,image/webp,image/apng,*/*;q=0.8,application/signed-exchange;v=b3;q=0.9',
  'accept-language' => '*',
  'referer' => 'https://stock.ecou.vip/dash/passport/index.html/sitemap.xml',
  'user-agent' => 'Mozilla/5.0 (Macintosh; Intel Mac OS X 9_2_2) AppleWebKit/539.41 (KHTML, like Gecko) Chrome/50.0.1807 Safari/537.36',
  'host' => 'stock.ecou.vip',
  'content-type' => '',
  'content-length' => '',
)
[ info ] [ PARAM ] array (
)
[ info ] [ VIEW ] /www/wwwroot/stock.ecou.vip/application/dash/view/passport/index.html [ array (
  0 => 'controller',
  1 => 'action',
  2 => 'hostip',
) ]
---------------------------------------------------------------

[2022-10-29T03:57:04+08:00] 209.141.41.193 GET stock.ecou.vip/
[运行时间：0.042538s] [吞吐率：23.51req/s] [内存消耗：2,223.18kb] [文件加载：127]
[ info ] [ LANG ] /www/wwwroot/stock.ecou.vip/thinkphp/lang/zh-cn.php
[ info ] [ ROUTE ] array (
)
[ info ] [ HEADER ] array (
  'accept-encoding' => 'gzip',
  'upgrade-insecure-requests' => '1',
  'sec-gpc' => '1',
  'dnt' => '1',
  'connection' => 'keep-alive',
  'cache-control' => 'max-age=0',
  'accept-language' => 'en;q=0.9',
  'accept' => 'text/html,application/xhtml+xml,application/xml;q=0.9,image/avif,image/webp,image/apng,*/*;q=0.8,application/signed-exchange;v=b3;q=0.9',
  'user-agent' => 'Mozilla/5.0 (Macintosh; Intel Mac OS X 10_15_7) AppleWebKit/537.36 (KHTML, like Gecko) Chrome/96.0.4664.110 Safari/537.36',
  'host' => 'stock.ecou.vip',
  'content-type' => '',
  'content-length' => '',
)
[ info ] [ PARAM ] array (
)
---------------------------------------------------------------

[2022-10-29T03:57:04+08:00] 209.141.41.193 GET stock.ecou.vip/dash/index/index.html
[运行时间：0.044068s] [吞吐率：22.69req/s] [内存消耗：2,232.91kb] [文件加载：129]
[ info ] [ LANG ] /www/wwwroot/stock.ecou.vip/thinkphp/lang/zh-cn.php
[ info ] [ ROUTE ] array (
)
[ info ] [ HEADER ] array (
  'accept-encoding' => 'gzip',
  'upgrade-insecure-requests' => '1',
  'sec-gpc' => '1',
  'referer' => 'https://stock.ecou.vip',
  'dnt' => '1',
  'connection' => 'keep-alive',
  'cache-control' => 'max-age=0',
  'accept-language' => 'en;q=0.9',
  'accept' => 'text/html,application/xhtml+xml,application/xml;q=0.9,image/avif,image/webp,image/apng,*/*;q=0.8,application/signed-exchange;v=b3;q=0.9',
  'user-agent' => 'Mozilla/5.0 (Macintosh; Intel Mac OS X 10_15_7) AppleWebKit/537.36 (KHTML, like Gecko) Chrome/96.0.4664.110 Safari/537.36',
  'host' => 'stock.ecou.vip',
  'content-type' => '',
  'content-length' => '',
)
[ info ] [ PARAM ] array (
)
---------------------------------------------------------------

[2022-10-29T03:57:05+08:00] 209.141.41.193 GET stock.ecou.vip/dash/passport/index.html
[运行时间：0.044168s] [吞吐率：22.64req/s] [内存消耗：2,229.37kb] [文件加载：130]
[ info ] [ LANG ] /www/wwwroot/stock.ecou.vip/thinkphp/lang/zh-cn.php
[ info ] [ ROUTE ] array (
)
[ info ] [ HEADER ] array (
  'accept-encoding' => 'gzip',
  'upgrade-insecure-requests' => '1',
  'sec-gpc' => '1',
  'referer' => 'https://stock.ecou.vip/dash/index/index.html',
  'dnt' => '1',
  'connection' => 'keep-alive',
  'cache-control' => 'max-age=0',
  'accept-language' => 'en;q=0.9',
  'accept' => 'text/html,application/xhtml+xml,application/xml;q=0.9,image/avif,image/webp,image/apng,*/*;q=0.8,application/signed-exchange;v=b3;q=0.9',
  'user-agent' => 'Mozilla/5.0 (Macintosh; Intel Mac OS X 10_15_7) AppleWebKit/537.36 (KHTML, like Gecko) Chrome/96.0.4664.110 Safari/537.36',
  'host' => 'stock.ecou.vip',
  'content-type' => '',
  'content-length' => '',
)
[ info ] [ PARAM ] array (
)
[ info ] [ VIEW ] /www/wwwroot/stock.ecou.vip/application/dash/view/passport/index.html [ array (
  0 => 'controller',
  1 => 'action',
  2 => 'hostip',
) ]
---------------------------------------------------------------

[2022-10-29T07:27:13+08:00] 198.235.24.130 GET stock.ecou.vip/
[运行时间：0.042320s] [吞吐率：23.63req/s] [内存消耗：2,222.09kb] [文件加载：127]
[ info ] [ LANG ] /www/wwwroot/stock.ecou.vip/thinkphp/lang/zh-cn.php
[ info ] [ ROUTE ] array (
)
[ info ] [ HEADER ] array (
  'referer' => 'http://45.132.239.92:80/',
  'user-agent' => 'Expanse, a Palo Alto Networks company, searches across the global IPv4 space multiple times per day to identify customers&#39; presences on the Internet. If you would like to be excluded from our scans, please send IP addresses/domains to: scaninfo@paloaltonetworks.com',
  'host' => 'stock.ecou.vip',
  'content-type' => '',
  'content-length' => '',
)
[ info ] [ PARAM ] array (
)
---------------------------------------------------------------

[2022-10-29T07:27:14+08:00] 198.235.24.130 GET stock.ecou.vip/dash/index/index.html
[运行时间：0.042964s] [吞吐率：23.28req/s] [内存消耗：2,231.39kb] [文件加载：129]
[ info ] [ LANG ] /www/wwwroot/stock.ecou.vip/thinkphp/lang/zh-cn.php
[ info ] [ ROUTE ] array (
)
[ info ] [ HEADER ] array (
  'user-agent' => 'Expanse, a Palo Alto Networks company, searches across the global IPv4 space multiple times per day to identify customers&#39; presences on the Internet. If you would like to be excluded from our scans, please send IP addresses/domains to: scaninfo@paloaltonetworks.com',
  'host' => 'stock.ecou.vip',
  'content-type' => '',
  'content-length' => '',
)
[ info ] [ PARAM ] array (
)
---------------------------------------------------------------

[2022-10-29T07:27:15+08:00] 198.235.24.130 GET stock.ecou.vip/dash/passport/index.html
[运行时间：0.042817s] [吞吐率：23.36req/s] [内存消耗：2,227.84kb] [文件加载：130]
[ info ] [ LANG ] /www/wwwroot/stock.ecou.vip/thinkphp/lang/zh-cn.php
[ info ] [ ROUTE ] array (
)
[ info ] [ HEADER ] array (
  'user-agent' => 'Expanse, a Palo Alto Networks company, searches across the global IPv4 space multiple times per day to identify customers&#39; presences on the Internet. If you would like to be excluded from our scans, please send IP addresses/domains to: scaninfo@paloaltonetworks.com',
  'host' => 'stock.ecou.vip',
  'content-type' => '',
  'content-length' => '',
)
[ info ] [ PARAM ] array (
)
[ info ] [ VIEW ] /www/wwwroot/stock.ecou.vip/application/dash/view/passport/index.html [ array (
  0 => 'controller',
  1 => 'action',
  2 => 'hostip',
) ]
---------------------------------------------------------------

[2022-10-29T07:44:26+08:00] 209.141.36.112 GET stock.ecou.vip/
[运行时间：0.042688s] [吞吐率：23.43req/s] [内存消耗：2,223.18kb] [文件加载：127]
[ info ] [ LANG ] /www/wwwroot/stock.ecou.vip/thinkphp/lang/zh-cn.php
[ info ] [ ROUTE ] array (
)
[ info ] [ HEADER ] array (
  'accept-encoding' => 'gzip',
  'upgrade-insecure-requests' => '1',
  'sec-gpc' => '1',
  'dnt' => '1',
  'connection' => 'keep-alive',
  'cache-control' => 'max-age=0',
  'accept-language' => 'en;q=0.9',
  'accept' => 'text/html,application/xhtml+xml,application/xml;q=0.9,image/avif,image/webp,image/apng,*/*;q=0.8,application/signed-exchange;v=b3;q=0.9',
  'user-agent' => 'Mozilla/5.0 (Macintosh; Intel Mac OS X 10_15_7) AppleWebKit/537.36 (KHTML, like Gecko) Chrome/96.0.4664.110 Safari/537.36',
  'host' => 'stock.ecou.vip',
  'content-type' => '',
  'content-length' => '',
)
[ info ] [ PARAM ] array (
)
---------------------------------------------------------------

[2022-10-29T07:44:27+08:00] 209.141.36.112 GET stock.ecou.vip/dash/index/index.html
[运行时间：0.042914s] [吞吐率：23.30req/s] [内存消耗：2,232.91kb] [文件加载：129]
[ info ] [ LANG ] /www/wwwroot/stock.ecou.vip/thinkphp/lang/zh-cn.php
[ info ] [ ROUTE ] array (
)
[ info ] [ HEADER ] array (
  'accept-encoding' => 'gzip',
  'upgrade-insecure-requests' => '1',
  'sec-gpc' => '1',
  'referer' => 'https://stock.ecou.vip',
  'dnt' => '1',
  'connection' => 'keep-alive',
  'cache-control' => 'max-age=0',
  'accept-language' => 'en;q=0.9',
  'accept' => 'text/html,application/xhtml+xml,application/xml;q=0.9,image/avif,image/webp,image/apng,*/*;q=0.8,application/signed-exchange;v=b3;q=0.9',
  'user-agent' => 'Mozilla/5.0 (Macintosh; Intel Mac OS X 10_15_7) AppleWebKit/537.36 (KHTML, like Gecko) Chrome/96.0.4664.110 Safari/537.36',
  'host' => 'stock.ecou.vip',
  'content-type' => '',
  'content-length' => '',
)
[ info ] [ PARAM ] array (
)
---------------------------------------------------------------

[2022-10-29T07:44:27+08:00] 209.141.36.112 GET stock.ecou.vip/dash/passport/index.html
[运行时间：0.042958s] [吞吐率：23.28req/s] [内存消耗：2,229.37kb] [文件加载：130]
[ info ] [ LANG ] /www/wwwroot/stock.ecou.vip/thinkphp/lang/zh-cn.php
[ info ] [ ROUTE ] array (
)
[ info ] [ HEADER ] array (
  'accept-encoding' => 'gzip',
  'upgrade-insecure-requests' => '1',
  'sec-gpc' => '1',
  'referer' => 'https://stock.ecou.vip/dash/index/index.html',
  'dnt' => '1',
  'connection' => 'keep-alive',
  'cache-control' => 'max-age=0',
  'accept-language' => 'en;q=0.9',
  'accept' => 'text/html,application/xhtml+xml,application/xml;q=0.9,image/avif,image/webp,image/apng,*/*;q=0.8,application/signed-exchange;v=b3;q=0.9',
  'user-agent' => 'Mozilla/5.0 (Macintosh; Intel Mac OS X 10_15_7) AppleWebKit/537.36 (KHTML, like Gecko) Chrome/96.0.4664.110 Safari/537.36',
  'host' => 'stock.ecou.vip',
  'content-type' => '',
  'content-length' => '',
)
[ info ] [ PARAM ] array (
)
[ info ] [ VIEW ] /www/wwwroot/stock.ecou.vip/application/dash/view/passport/index.html [ array (
  0 => 'controller',
  1 => 'action',
  2 => 'hostip',
) ]
---------------------------------------------------------------

[2022-10-29T08:07:56+08:00] 106.55.207.78 GET stock.ecou.vip/dash/passport/index.html
[运行时间：0.043183s] [吞吐率：23.16req/s] [内存消耗：2,227.58kb] [文件加载：130]
[ info ] [ LANG ] /www/wwwroot/stock.ecou.vip/thinkphp/lang/zh-cn.php
[ info ] [ ROUTE ] array (
)
[ info ] [ HEADER ] array (
  'connection' => 'keep-alive',
  'accept' => '*/*',
  'accept-encoding' => 'gzip, deflate, br',
  'user-agent' => 'python-requests/2.26.0',
  'host' => 'stock.ecou.vip',
  'content-type' => '',
  'content-length' => '',
)
[ info ] [ PARAM ] array (
)
[ info ] [ VIEW ] /www/wwwroot/stock.ecou.vip/application/dash/view/passport/index.html [ array (
  0 => 'controller',
  1 => 'action',
  2 => 'hostip',
) ]
---------------------------------------------------------------

[2022-10-29T15:03:33+08:00] 205.210.31.151 GET stock.ecou.vip/
[运行时间：0.046436s] [吞吐率：21.53req/s] [内存消耗：2,221.94kb] [文件加载：127]
[ info ] [ LANG ] /www/wwwroot/stock.ecou.vip/thinkphp/lang/zh-cn.php
[ info ] [ ROUTE ] array (
)
[ info ] [ HEADER ] array (
  'user-agent' => 'Expanse, a Palo Alto Networks company, searches across the global IPv4 space multiple times per day to identify customers&#39; presences on the Internet. If you would like to be excluded from our scans, please send IP addresses/domains to: scaninfo@paloaltonetworks.com',
  'host' => 'stock.ecou.vip',
  'content-type' => '',
  'content-length' => '',
)
[ info ] [ PARAM ] array (
)
---------------------------------------------------------------

[2022-10-29T16:33:28+08:00] 198.235.24.135 GET stock.ecou.vip/
[运行时间：0.043737s] [吞吐率：22.86req/s] [内存消耗：2,221.94kb] [文件加载：127]
[ info ] [ LANG ] /www/wwwroot/stock.ecou.vip/thinkphp/lang/zh-cn.php
[ info ] [ ROUTE ] array (
)
[ info ] [ HEADER ] array (
  'user-agent' => 'Expanse, a Palo Alto Networks company, searches across the global IPv4 space multiple times per day to identify customers&#39; presences on the Internet. If you would like to be excluded from our scans, please send IP addresses/domains to: scaninfo@paloaltonetworks.com',
  'host' => 'stock.ecou.vip',
  'content-type' => '',
  'content-length' => '',
)
[ info ] [ PARAM ] array (
)
---------------------------------------------------------------

[2022-10-29T18:31:09+08:00] 54.89.49.170 GET stock.ecou.vip/
[运行时间：0.040770s] [吞吐率：24.53req/s] [内存消耗：2,221.58kb] [文件加载：127]
[ info ] [ LANG ] /www/wwwroot/stock.ecou.vip/thinkphp/lang/zh-cn.php
[ info ] [ ROUTE ] array (
)
[ info ] [ HEADER ] array (
  'user-agent' => 'Apache-HttpClient/5.1.3 (Java/11.0.16.1)',
  'connection' => 'keep-alive',
  'host' => 'stock.ecou.vip',
  'accept-encoding' => 'gzip, x-gzip, deflate',
  'content-type' => '',
  'content-length' => '',
)
[ info ] [ PARAM ] array (
)
---------------------------------------------------------------

[2022-10-29T18:31:11+08:00] 44.204.232.161 GET stock.ecou.vip/
[运行时间：0.043547s] [吞吐率：22.96req/s] [内存消耗：2,221.77kb] [文件加载：127]
[ info ] [ LANG ] /www/wwwroot/stock.ecou.vip/thinkphp/lang/zh-cn.php
[ info ] [ ROUTE ] array (
)
[ info ] [ HEADER ] array (
  'connection' => 'keep-alive',
  'host' => 'stock.ecou.vip',
  'accept-encoding' => 'gzip, x-gzip, deflate',
  'user-agent' => 'Mozilla/5.0 (Windows NT 10.0; WOW64) AppleWebKit/537.36 (KHTML, like Gecko) Chrome/83.0.4103.106 Safari/537.36',
  'content-type' => '',
  'content-length' => '',
)
[ info ] [ PARAM ] array (
)
---------------------------------------------------------------

[2022-10-29T18:31:12+08:00] 44.204.232.161 GET stock.ecou.vip/dash/index/index.html
[运行时间：0.044726s] [吞吐率：22.36req/s] [内存消耗：2,231.22kb] [文件加载：129]
[ info ] [ LANG ] /www/wwwroot/stock.ecou.vip/thinkphp/lang/zh-cn.php
[ info ] [ ROUTE ] array (
)
[ info ] [ HEADER ] array (
  'connection' => 'keep-alive',
  'host' => 'stock.ecou.vip',
  'accept-encoding' => 'gzip, x-gzip, deflate',
  'user-agent' => 'Mozilla/5.0 (Windows NT 10.0; WOW64) AppleWebKit/537.36 (KHTML, like Gecko) Chrome/83.0.4103.106 Safari/537.36',
  'content-type' => '',
  'content-length' => '',
)
[ info ] [ PARAM ] array (
)
---------------------------------------------------------------

[2022-10-29T18:31:12+08:00] 44.204.232.161 GET stock.ecou.vip/dash/passport/index.html
[运行时间：0.043622s] [吞吐率：22.92req/s] [内存消耗：2,227.84kb] [文件加载：130]
[ info ] [ LANG ] /www/wwwroot/stock.ecou.vip/thinkphp/lang/zh-cn.php
[ info ] [ ROUTE ] array (
)
[ info ] [ HEADER ] array (
  'cookie' => 'PHPSESSID=3aupld7teb1grvcs8jhrs317g9',
  'connection' => 'keep-alive',
  'host' => 'stock.ecou.vip',
  'accept-encoding' => 'gzip, x-gzip, deflate',
  'user-agent' => 'Mozilla/5.0 (Windows NT 10.0; WOW64) AppleWebKit/537.36 (KHTML, like Gecko) Chrome/83.0.4103.106 Safari/537.36',
  'content-type' => '',
  'content-length' => '',
)
[ info ] [ PARAM ] array (
)
[ info ] [ VIEW ] /www/wwwroot/stock.ecou.vip/application/dash/view/passport/index.html [ array (
  0 => 'controller',
  1 => 'action',
  2 => 'hostip',
) ]
